0 info it worked if it ends with ok
1 verbose cli [ 'U:\\My\\workspace\\webLogViewer\\webLogViewer\\webLogViewer-war\\src\\main\\webapp\\node\\node.exe',
1 verbose cli   'U:\\My\\workspace\\webLogViewer\\webLogViewer\\webLogViewer-war\\src\\main\\webapp\\node\\node_modules\\npm\\bin\\npm-cli.js',
1 verbose cli   'run',
1 verbose cli   'build:one:dev' ]
2 info using npm@4.1.1
3 info using node@v4.6.0
4 verbose run-script [ 'prebuild:one:dev', 'build:one:dev', 'postbuild:one:dev' ]
5 info lifecycle web-log-viewer-1@0.1.1~prebuild:one:dev: web-log-viewer-1@0.1.1
6 silly lifecycle web-log-viewer-1@0.1.1~prebuild:one:dev: no script for prebuild:one:dev, continuing
7 info lifecycle web-log-viewer-1@0.1.1~build:one:dev: web-log-viewer-1@0.1.1
8 verbose lifecycle web-log-viewer-1@0.1.1~build:one:dev: unsafe-perm in lifecycle true
9 verbose lifecycle web-log-viewer-1@0.1.1~build:one:dev: PATH: U:\My\workspace\webLogViewer\webLogViewer\webLogViewer-war\src\main\webapp\node\node_modules\npm\bin\node-gyp-bin;U:\My\workspace\webLogViewer\webLogViewer\webLogViewer-war\src\main\webapp\node_modules\.bin;U:\My\workspace\webLogViewer\webLogViewer\webLogViewer-war\src\main\webapp\node;U:/env/java/jdk/bin/../jre/bin/server;U:/env/java/jdk/bin/../jre/bin;U:/env/java/jdk/bin/../jre/lib/amd64;C:\Program Files\Microsoft MPI\Bin\;C:\ProgramData\Oracle\Java\javapath;C:\Windows\system32;C:\Windows;C:\Windows\System32\Wbem;C:\Windows\System32\WindowsPowerShell\v1.0\;C:\Program Files (x86)\Skype\Phone\;C:\Program Files (x86)\NVIDIA Corporation\PhysX\Common;C:\WINDOWS\system32;C:\WINDOWS;C:\WINDOWS\System32\Wbem;C:\WINDOWS\System32\WindowsPowerShell\v1.0\;C:\Program Files (x86)\MySQL\MySQL Fabric 1.5 & MySQL Utilities 1.5\;C:\Program Files (x86)\MySQL\MySQL Fabric 1.5 & MySQL Utilities 1.5\Doctrine extensions for PHP\;C:\Users\Lemmy\AppData\Roaming\npm\node_modules;C:\Program Files\TortoiseSVN\bin;C:\Program Files (x86)\Microsoft SQL Server\130\Tools\Binn\;C:\Program Files\Microsoft SQL Server\130\Tools\Binn\;C:\Program Files (x86)\Microsoft SQL Server\130\DTS\Binn\;C:\Program Files\Microsoft SQL Server\130\DTS\Binn\;C:\Program Files\Microsoft SQL Server\Client SDK\ODBC\130\Tools\Binn\;C:\Program Files (x86)\Microsoft SQL Server\Client SDK\ODBC\130\Tools\Binn\;C:\Program Files (x86)\Microsoft SQL Server\;C:\adb\;C:\Program Files (x86)\Microsoft VS Code\bin;C:\Users\Lemmy\AppData\Local\Microsoft\WindowsApps;C:\Users\Lemmy\AppData\Roaming\npm;U:\env\java\jdk\bin;;U:\prg\folders\eclipse-oxygen;;
10 verbose lifecycle web-log-viewer-1@0.1.1~build:one:dev: CWD: U:\My\workspace\webLogViewer\webLogViewer\webLogViewer-war\src\main\webapp
11 silly lifecycle web-log-viewer-1@0.1.1~build:one:dev: Args: [ '/d /s /c',
11 silly lifecycle   'webpack --config webpack.one-server.dev.config.js' ]
12 silly lifecycle web-log-viewer-1@0.1.1~build:one:dev: Returned: code: 2  signal: null
13 info lifecycle web-log-viewer-1@0.1.1~build:one:dev: Failed to exec build:one:dev script
14 verbose stack Error: web-log-viewer-1@0.1.1 build:one:dev: `webpack --config webpack.one-server.dev.config.js`
14 verbose stack Exit status 2
14 verbose stack     at EventEmitter.<anonymous> (U:\My\workspace\webLogViewer\webLogViewer\webLogViewer-war\src\main\webapp\node\node_modules\npm\lib\utils\lifecycle.js:279:16)
14 verbose stack     at emitTwo (events.js:87:13)
14 verbose stack     at EventEmitter.emit (events.js:172:7)
14 verbose stack     at ChildProcess.<anonymous> (U:\My\workspace\webLogViewer\webLogViewer\webLogViewer-war\src\main\webapp\node\node_modules\npm\lib\utils\spawn.js:40:14)
14 verbose stack     at emitTwo (events.js:87:13)
14 verbose stack     at ChildProcess.emit (events.js:172:7)
14 verbose stack     at maybeClose (internal/child_process.js:829:16)
14 verbose stack     at Process.ChildProcess._handle.onexit (internal/child_process.js:211:5)
15 verbose pkgid web-log-viewer-1@0.1.1
16 verbose cwd U:\My\workspace\webLogViewer\webLogViewer\webLogViewer-war\src\main\webapp
17 error Windows_NT 10.0.15063
18 error argv "U:\\My\\workspace\\webLogViewer\\webLogViewer\\webLogViewer-war\\src\\main\\webapp\\node\\node.exe" "U:\\My\\workspace\\webLogViewer\\webLogViewer\\webLogViewer-war\\src\\main\\webapp\\node\\node_modules\\npm\\bin\\npm-cli.js" "run" "build:one:dev"
19 error node v4.6.0
20 error npm  v4.1.1
21 error code ELIFECYCLE
22 error web-log-viewer-1@0.1.1 build:one:dev: `webpack --config webpack.one-server.dev.config.js`
22 error Exit status 2
23 error Failed at the web-log-viewer-1@0.1.1 build:one:dev script 'webpack --config webpack.one-server.dev.config.js'.
23 error Make sure you have the latest version of node.js and npm installed.
23 error If you do, this is most likely a problem with the web-log-viewer-1 package,
23 error not with npm itself.
23 error Tell the author that this fails on your system:
23 error     webpack --config webpack.one-server.dev.config.js
23 error You can get information on how to open an issue for this project with:
23 error     npm bugs web-log-viewer-1
23 error Or if that isn't available, you can get their info via:
23 error     npm owner ls web-log-viewer-1
23 error There is likely additional logging output above.
24 verbose exit [ 1, true ]
